<?xml version="1.0" encoding="UTF-8"?>
<testsuite xmlns:xsi="http://www.w3.org/2001/XMLSchema-instance" xsi:noNamespaceSchemaLocation="https://maven.apache.org/surefire/maven-surefire-plugin/xsd/surefire-test-report.xsd" version="3.0.2" name="com.plazavea.proyecto.ProyectoApplicationTests" time="9.234" tests="1" errors="0" skipped="0" failures="0">
  <properties>
[...]
</properties>
  <testcase name="contextLoads" classname="com.plazavea.proyecto.ProyectoApplicationTests" time="0.749">
    <system-out><![CDATA[21:05:36.908 [main] INFO org.springframework.test.context.support.AnnotationConfigContextLoaderUtils -- Could not detect default configuration classes for test class [com.plazavea.proyecto.ProyectoApplicationTests]: ProyectoApplicationTests does not declare any static, non-private, non-final, nested classes annotated with @Configuration.
21:05:37.061 [main] INFO org.springframework.boot.test.context.SpringBootTestContextBootstrapper -- Found @SpringBootConfiguration com.plazavea.proyecto.ProyectoApplication for test class com.plazavea.proyecto.ProyectoApplicationTests
21:05:37.328 [main] INFO org.springframework.boot.devtools.restart.RestartApplicationListener -- Restart disabled due to context in which it is running

  .   ____          _            __ _ _
 /\\ / ___'_ __ _ _(_)_ __  __ _ \ \ \ \
( ( )\___ | '_ | '_| | '_ \/ _` | \ \ \ \
 \\/  ___)| |_)| | | | | || (_| |  ) ) ) )
  '  |____| .__|_| |_|_| |_\__, | / / / /
 =========|_|==============|___/=/_/_/_/

 :: Spring Boot ::                (v3.4.2)

2025-03-21T21:05:37.739-05:00  INFO 5848 --- [proyecto] [           main] c.p.proyecto.ProyectoApplicationTests    : Starting ProyectoApplicationTests using Java 17.0.11 with PID 5848 (started by user in D:\JOSUE\CICLO VI\DESARROLLO DE SERVICIOS WEB II\RESPALDO DE PROYECTO FINAL\CUARTO RESPALDO\proyecto)
2025-03-21T21:05:37.742-05:00  INFO 5848 --- [proyecto] [           main] c.p.proyecto.ProyectoApplicationTests    : No active profile set, falling back to 1 default profile: "default"
2025-03-21T21:05:38.737-05:00  INFO 5848 --- [proyecto] [           main] .s.d.r.c.RepositoryConfigurationDelegate : Bootstrapping Spring Data JPA repositories in DEFAULT mode.
2025-03-21T21:05:38.826-05:00  INFO 5848 --- [proyecto] [           main] .s.d.r.c.RepositoryConfigurationDelegate : Finished Spring Data repository scanning in 75 ms. Found 3 JPA repository interfaces.
2025-03-21T21:05:39.436-05:00  INFO 5848 --- [proyecto] [           main] o.hibernate.jpa.internal.util.LogHelper  : HHH000204: Processing PersistenceUnitInfo [name: default]
2025-03-21T21:05:39.522-05:00  INFO 5848 --- [proyecto] [           main] org.hibernate.Version                    : HHH000412: Hibernate ORM core version 6.6.5.Final
2025-03-21T21:05:39.574-05:00  INFO 5848 --- [proyecto] [           main] o.h.c.internal.RegionFactoryInitiator    : HHH000026: Second-level cache disabled
2025-03-21T21:05:40.073-05:00  INFO 5848 --- [proyecto] [           main] o.s.o.j.p.SpringPersistenceUnitInfo      : No LoadTimeWeaver setup: ignoring JPA class transformer
2025-03-21T21:05:40.121-05:00  INFO 5848 --- [proyecto] [           main] com.zaxxer.hikari.HikariDataSource       : HikariPool-1 - Starting...
2025-03-21T21:05:40.389-05:00  INFO 5848 --- [proyecto] [           main] com.zaxxer.hikari.pool.HikariPool        : HikariPool-1 - Added connection com.mysql.cj.jdbc.ConnectionImpl@27dc335a
2025-03-21T21:05:40.392-05:00  INFO 5848 --- [proyecto] [           main] com.zaxxer.hikari.HikariDataSource       : HikariPool-1 - Start completed.
2025-03-21T21:05:40.649-05:00  INFO 5848 --- [proyecto] [           main] org.hibernate.orm.connections.pooling    : HHH10001005: Database info:
	Database JDBC URL [Connecting through datasource 'HikariDataSource (HikariPool-1)']
	Database driver: undefined/unknown
	Database version: 8.0.39
	Autocommit mode: undefined/unknown
	Isolation level: undefined/unknown
	Minimum pool size: undefined/unknown
	Maximum pool size: undefined/unknown
2025-03-21T21:05:42.332-05:00  INFO 5848 --- [proyecto] [           main] o.h.e.t.j.p.i.JtaPlatformInitiator       : HHH000489: No JTA platform available (set 'hibernate.transaction.jta.platform' to enable JTA platform integration)
2025-03-21T21:05:42.426-05:00  INFO 5848 --- [proyecto] [           main] j.LocalContainerEntityManagerFactoryBean : Initialized JPA EntityManagerFactory for persistence unit 'default'
2025-03-21T21:05:43.418-05:00  INFO 5848 --- [proyecto] [           main] o.s.d.j.r.query.QueryEnhancerFactory     : Hibernate is in classpath; If applicable, HQL parser will be used.
2025-03-21T21:05:44.482-05:00  WARN 5848 --- [proyecto] [           main] JpaBaseConfiguration$JpaWebConfiguration : spring.jpa.open-in-view is enabled by default. Therefore, database queries may be performed during view rendering. Explicitly configure spring.jpa.open-in-view to disable this warning
2025-03-21T21:05:45.147-05:00  INFO 5848 --- [proyecto] [           main] c.p.proyecto.ProyectoApplicationTests    : Started ProyectoApplicationTests in 7.838 seconds (process running for 9.205)
]]></system-out>
  </testcase>
</testsuite>